Using pre-set license
Built from '2021.1/release' branch; Version is '2021.1.1f1 (6fdc41dfa55a) revision 7330881'; Using compiler version '192528614'; Build Type 'Release'
OS: 'Windows 10 Pro; OS build 19042.906; Version 2009; 64bit' Language: 'en' Physical Memory: 16305 MB
BatchMode: 1, IsHumanControllingUs: 0, StartBugReporterOnCrash: 0, Is64bit: 1, IsPro: 0

 COMMAND LINE ARGUMENTS:
C:\Program Files\Unity\Hub\Editor\2021.1.1f1\Editor\Unity.exe
-adb2
-batchMode
-noUpm
-name
AssetImportWorker0
-projectPath
S:/GoogleDrive/Justin/GitHubRepositories/DemoTextRPG
-logFile
Logs/AssetImportWorker0.log
-srvPort
53859
Successfully changed project path to: S:/GoogleDrive/Justin/GitHubRepositories/DemoTextRPG
S:/GoogleDrive/Justin/GitHubRepositories/DemoTextRPG
Using Asset Import Pipeline V2.
Refreshing native plugins compatible for Editor in 78.83 ms, found 2 plugins.
Preloading 0 native plugins for Editor in 0.00 ms.
Initialize engine version: 2021.1.1f1 (6fdc41dfa55a)
[Subsystems] Discovering subsystems at path C:/Program Files/Unity/Hub/Editor/2021.1.1f1/Editor/Data/Resources/UnitySubsystems
[Subsystems] Discovering subsystems at path S:/GoogleDrive/Justin/GitHubRepositories/DemoTextRPG/Assets
GfxDevice: creating device client; threaded=0; jobified=0
Direct3D:
    Version:  Direct3D 11.0 [level 11.1]
    Renderer: NVIDIA GeForce RTX 3070 (ID=0x2484)
    Vendor:   NVIDIA
    VRAM:     8043 MB
    Driver:   27.21.14.6589
Initialize mono
Mono path[0] = 'C:/Program Files/Unity/Hub/Editor/2021.1.1f1/Editor/Data/Managed'
Mono path[1] = 'C:/Program Files/Unity/Hub/Editor/2021.1.1f1/Editor/Data/MonoBleedingEdge/lib/mono/unityjit'
Mono config path = 'C:/Program Files/Unity/Hub/Editor/2021.1.1f1/Editor/Data/MonoBleedingEdge/etc'
Using monoOptions --debugger-agent=transport=dt_socket,embedding=1,server=y,suspend=n,address=127.0.0.1:56352
Begin MonoManager ReloadAssembly
Registering precompiled unity dll's ...
Register platform support module: C:/Program Files/Unity/Hub/Editor/2021.1.1f1/Editor/Data/PlaybackEngines/WebGLSupport/UnityEditor.WebGL.Extensions.dll
Register platform support module: C:/Program Files/Unity/Hub/Editor/2021.1.1f1/Editor/Data/PlaybackEngines/MacStandaloneSupport/UnityEditor.OSXStandalone.Extensions.dll
Register platform support module: C:/Program Files/Unity/Hub/Editor/2021.1.1f1/Editor/Data/PlaybackEngines/WindowsStandaloneSupport/UnityEditor.WindowsStandalone.Extensions.dll
Register platform support module: C:/Program Files/Unity/Hub/Editor/2021.1.1f1/Editor/Data/PlaybackEngines/LinuxStandaloneSupport/UnityEditor.LinuxStandalone.Extensions.dll
Register platform support module: C:/Program Files/Unity/Hub/Editor/2021.1.1f1/Editor/Data/PlaybackEngines/LuminSupport/UnityEditor.Lumin.Extensions.dll
Registered in 0.002961 seconds.
Native extension for Lumin target not found
Native extension for LinuxStandalone target not found
Native extension for WindowsStandalone target not found
Native extension for OSXStandalone target not found
Native extension for WebGL target not found
Refreshing native plugins compatible for Editor in 83.61 ms, found 2 plugins.
Preloading 0 native plugins for Editor in 0.00 ms.
Mono: successfully reloaded assembly
- Completed reload, in  1.662 seconds
Platform modules already initialized, skipping
Registering precompiled user dll's ...
Registered in 0.001999 seconds.
Begin MonoManager ReloadAssembly
Native extension for Lumin target not found
Native extension for LinuxStandalone target not found
Native extension for WindowsStandalone target not found
Native extension for OSXStandalone target not found
Native extension for WebGL target not found
Refreshing native plugins compatible for Editor in 87.50 ms, found 2 plugins.
Preloading 0 native plugins for Editor in 0.00 ms.
Mono: successfully reloaded assembly
- Completed reload, in  0.961 seconds
Platform modules already initialized, skipping
========================================================================
Worker process is ready to serve import requests
Launched and connected shader compiler UnityShaderCompiler.exe after 0.04 seconds
Refreshing native plugins compatible for Editor in 1.10 ms, found 2 plugins.
Preloading 0 native plugins for Editor in 0.00 ms.
Unloading 3366 Unused Serialized files (Serialized files now loaded: 0)
System memory in use before: 127.7 MB.
System memory in use after: 127.8 MB.

Unloading 29 unused Assets to reduce memory usage. Loaded Objects now: 3818.
Total: 2.590300 ms (FindLiveObjects: 0.484000 ms CreateObjectMapping: 0.113200 ms MarkObjects: 1.880800 ms  DeleteObjects: 0.111300 ms)

========================================================================
Received Import Request.
  path: Packages/com.unity.2d.spriteshape/Editor/ObjectMenuCreation/DefaultAssets/Sprite Shapes/Open Sprite Shape.prefab
  artifactKey: Guid(86ae7de409eb54f619fb1328e4d42480) Importer(815301076,1909f56bfc062723c751e8b465ee728b)
Start importing Packages/com.unity.2d.spriteshape/Editor/ObjectMenuCreation/DefaultAssets/Sprite Shapes/Open Sprite Shape.prefab using Guid(86ae7de409eb54f619fb1328e4d42480) Importer(815301076,1909f56bfc062723c751e8b465ee728b)  -> (artifact id: 'd4579df8fe09d95c677f9ec515552395') in 0.052547 seconds 
========================================================================
Received Import Request.
  Time since last request: 0.000186 seconds.
  path: Packages/com.unity.2d.spriteshape/Editor/ObjectMenuCreation/DefaultAssets/Sprite Shapes/Closed Sprite Shape.prefab
  artifactKey: Guid(c0583b4e855c74b8c82e7b9b5efb5ce9) Importer(815301076,1909f56bfc062723c751e8b465ee728b)
Start importing Packages/com.unity.2d.spriteshape/Editor/ObjectMenuCreation/DefaultAssets/Sprite Shapes/Closed Sprite Shape.prefab using Guid(c0583b4e855c74b8c82e7b9b5efb5ce9) Importer(815301076,1909f56bfc062723c751e8b465ee728b)  -> (artifact id: 'dce7a991224d3fec04c4d582683f88f2') in 0.008931 seconds 
========================================================================
Received Import Request.
  Time since last request: 42.249978 seconds.
  path: Assets
  artifactKey: Guid(00000000000000001000000000000000) Importer(815301076,1909f56bfc062723c751e8b465ee728b)
Start importing Assets using Guid(00000000000000001000000000000000) Importer(815301076,1909f56bfc062723c751e8b465ee728b)  -> (artifact id: '98ffa0a5e8f73f3457f64fc720c11ab1') in 0.006394 seconds 
========================================================================
Received Import Request.
  Time since last request: 5.811611 seconds.
  path: Assets/Scripts
  artifactKey: Guid(b63a73c71bd37de48b0b845c16551cbc) Importer(815301076,1909f56bfc062723c751e8b465ee728b)
Start importing Assets/Scripts using Guid(b63a73c71bd37de48b0b845c16551cbc) Importer(815301076,1909f56bfc062723c751e8b465ee728b)  -> (artifact id: '4ceb5736446d17383ca1326b14a97c26') in 0.006152 seconds 
========================================================================
Received Import Request.
  Time since last request: 10.130163 seconds.
  path: Assets/Scripts/Character.cs
  artifactKey: Guid(b5955388fdd661d438127028da9d0ac4) Importer(815301076,1909f56bfc062723c751e8b465ee728b)
Start importing Assets/Scripts/Character.cs using Guid(b5955388fdd661d438127028da9d0ac4) Importer(815301076,1909f56bfc062723c751e8b465ee728b)  -> (artifact id: 'b6dbbb65c191593297e4c6dd54c2044b') in 0.051670 seconds 
========================================================================
Received Prepare
Registering precompiled user dll's ...
Registered in 0.002020 seconds.
Begin MonoManager ReloadAssembly
Native extension for Lumin target not found
Native extension for LinuxStandalone target not found
Native extension for WindowsStandalone target not found
Native extension for OSXStandalone target not found
Native extension for WebGL target not found
Refreshing native plugins compatible for Editor in 1.05 ms, found 2 plugins.
Preloading 0 native plugins for Editor in 0.00 ms.
Mono: successfully reloaded assembly
- Completed reload, in  0.780 seconds
Platform modules already initialized, skipping
Refreshing native plugins compatible for Editor in 0.65 ms, found 2 plugins.
Preloading 0 native plugins for Editor in 0.00 ms.
Unloading 3362 Unused Serialized files (Serialized files now loaded: 0)
System memory in use before: 127.7 MB.
System memory in use after: 127.8 MB.

Unloading 17 unused Assets to reduce memory usage. Loaded Objects now: 3823.
Total: 2.354500 ms (FindLiveObjects: 0.318800 ms CreateObjectMapping: 0.086500 ms MarkObjects: 1.850300 ms  DeleteObjects: 0.097500 ms)

========================================================================
Received Import Request.
  Time since last request: 1190.327874 seconds.
  path: Assets/Scripts/Character.cs
  artifactKey: Guid(b5955388fdd661d438127028da9d0ac4) Importer(815301076,1909f56bfc062723c751e8b465ee728b)
Start importing Assets/Scripts/Character.cs using Guid(b5955388fdd661d438127028da9d0ac4) Importer(815301076,1909f56bfc062723c751e8b465ee728b)  -> (artifact id: '8d0347671745f894ecb6841b0112f48a') in 0.009879 seconds 
========================================================================
Received Prepare
Registering precompiled user dll's ...
Registered in 0.002174 seconds.
Begin MonoManager ReloadAssembly
Native extension for Lumin target not found
Native extension for LinuxStandalone target not found
Native extension for WindowsStandalone target not found
Native extension for OSXStandalone target not found
Native extension for WebGL target not found
Refreshing native plugins compatible for Editor in 0.79 ms, found 2 plugins.
Preloading 0 native plugins for Editor in 0.00 ms.
Mono: successfully reloaded assembly
- Completed reload, in  0.803 seconds
Platform modules already initialized, skipping
Refreshing native plugins compatible for Editor in 0.62 ms, found 2 plugins.
Preloading 0 native plugins for Editor in 0.00 ms.
Unloading 3362 Unused Serialized files (Serialized files now loaded: 0)
System memory in use before: 127.8 MB.
System memory in use after: 127.9 MB.

Unloading 17 unused Assets to reduce memory usage. Loaded Objects now: 3827.
Total: 2.298700 ms (FindLiveObjects: 0.276400 ms CreateObjectMapping: 0.082600 ms MarkObjects: 1.847300 ms  DeleteObjects: 0.091600 ms)

========================================================================
Received Import Request.
  Time since last request: 422.168041 seconds.
  path: Assets/Scripts/Character.cs
  artifactKey: Guid(b5955388fdd661d438127028da9d0ac4) Importer(815301076,1909f56bfc062723c751e8b465ee728b)
Start importing Assets/Scripts/Character.cs using Guid(b5955388fdd661d438127028da9d0ac4) Importer(815301076,1909f56bfc062723c751e8b465ee728b)  -> (artifact id: '09140a15d42a8dd7f533c26ab9adb407') in 0.009755 seconds 
========================================================================
Received Import Request.
  Time since last request: 132.920206 seconds.
  path: Assets/Scenes/SampleScene.unity
  artifactKey: Guid(2cda990e2423bbf4892e6590ba056729) Importer(2089858483,934ff659095e30574adcf32a4c2f97b5)
Start importing Assets/Scenes/SampleScene.unity using Guid(2cda990e2423bbf4892e6590ba056729) Importer(2089858483,934ff659095e30574adcf32a4c2f97b5)  -> (artifact id: '1d879c20274ebeec82c2ebb9e53632e1') in 0.050382 seconds 
========================================================================
Received Import Request.
  Time since last request: 0.000157 seconds.
  path: Assets/Scripts/Character.cs
  artifactKey: Guid(b5955388fdd661d438127028da9d0ac4) Importer(2089858483,934ff659095e30574adcf32a4c2f97b5)
Start importing Assets/Scripts/Character.cs using Guid(b5955388fdd661d438127028da9d0ac4) Importer(2089858483,934ff659095e30574adcf32a4c2f97b5)  -> (artifact id: '4a8a6d2759f8571fd6a7de7fe58d1349') in 0.010677 seconds 
========================================================================
Received Prepare
Registering precompiled user dll's ...
Registered in 0.002211 seconds.
Begin MonoManager ReloadAssembly
Native extension for Lumin target not found
Native extension for LinuxStandalone target not found
Native extension for WindowsStandalone target not found
Native extension for OSXStandalone target not found
Native extension for WebGL target not found
Refreshing native plugins compatible for Editor in 0.71 ms, found 2 plugins.
Preloading 0 native plugins for Editor in 0.00 ms.
Mono: successfully reloaded assembly
- Completed reload, in  0.933 seconds
Platform modules already initialized, skipping
Refreshing native plugins compatible for Editor in 1.10 ms, found 2 plugins.
Preloading 0 native plugins for Editor in 0.00 ms.
Unloading 3370 Unused Serialized files (Serialized files now loaded: 0)
System memory in use before: 128.1 MB.
System memory in use after: 128.2 MB.

Unloading 17 unused Assets to reduce memory usage. Loaded Objects now: 3839.
Total: 2.226600 ms (FindLiveObjects: 0.312500 ms CreateObjectMapping: 0.087800 ms MarkObjects: 1.728200 ms  DeleteObjects: 0.097300 ms)

========================================================================
Received Import Request.
  Time since last request: 28.099405 seconds.
  path: Assets/Scripts/Enemy.cs
  artifactKey: Guid(65b4670a59800d749800815d9ca30793) Importer(815301076,1909f56bfc062723c751e8b465ee728b)
Start importing Assets/Scripts/Enemy.cs using Guid(65b4670a59800d749800815d9ca30793) Importer(815301076,1909f56bfc062723c751e8b465ee728b)  -> (artifact id: '87a3d4f50215c1a63a38c0ff42dc27d6') in 0.010649 seconds 
========================================================================
Received Prepare
Registering precompiled user dll's ...
Registered in 0.001961 seconds.
Begin MonoManager ReloadAssembly
Native extension for Lumin target not found
Native extension for LinuxStandalone target not found
Native extension for WindowsStandalone target not found
Native extension for OSXStandalone target not found
Native extension for WebGL target not found
Refreshing native plugins compatible for Editor in 0.68 ms, found 2 plugins.
Preloading 0 native plugins for Editor in 0.00 ms.
Mono: successfully reloaded assembly
- Completed reload, in  0.881 seconds
Platform modules already initialized, skipping
Refreshing native plugins compatible for Editor in 0.63 ms, found 2 plugins.
Preloading 0 native plugins for Editor in 0.00 ms.
Unloading 3371 Unused Serialized files (Serialized files now loaded: 0)
System memory in use before: 128.1 MB.
System memory in use after: 128.2 MB.

Unloading 17 unused Assets to reduce memory usage. Loaded Objects now: 3844.
Total: 2.491500 ms (FindLiveObjects: 0.326900 ms CreateObjectMapping: 0.110100 ms MarkObjects: 1.933100 ms  DeleteObjects: 0.120300 ms)

========================================================================
Received Import Request.
  Time since last request: 278.076382 seconds.
  path: Assets/Scripts/Enemy.cs
  artifactKey: Guid(65b4670a59800d749800815d9ca30793) Importer(815301076,1909f56bfc062723c751e8b465ee728b)
Start importing Assets/Scripts/Enemy.cs using Guid(65b4670a59800d749800815d9ca30793) Importer(815301076,1909f56bfc062723c751e8b465ee728b)  -> (artifact id: 'f45cb338b403ba0918e3dbd70e0b0945') in 0.010763 seconds 
========================================================================
Received Prepare
Registering precompiled user dll's ...
Registered in 0.002018 seconds.
Begin MonoManager ReloadAssembly
Native extension for Lumin target not found
Native extension for LinuxStandalone target not found
Native extension for WindowsStandalone target not found
Native extension for OSXStandalone target not found
Native extension for WebGL target not found
Refreshing native plugins compatible for Editor in 0.61 ms, found 2 plugins.
Preloading 0 native plugins for Editor in 0.00 ms.
Mono: successfully reloaded assembly
- Completed reload, in  0.784 seconds
Platform modules already initialized, skipping
Refreshing native plugins compatible for Editor in 0.55 ms, found 2 plugins.
Preloading 0 native plugins for Editor in 0.00 ms.
Unloading 3371 Unused Serialized files (Serialized files now loaded: 0)
System memory in use before: 128.2 MB.
System memory in use after: 128.3 MB.

Unloading 17 unused Assets to reduce memory usage. Loaded Objects now: 3848.
Total: 2.161300 ms (FindLiveObjects: 0.293600 ms CreateObjectMapping: 0.081100 ms MarkObjects: 1.691900 ms  DeleteObjects: 0.094000 ms)

========================================================================
Received Import Request.
  Time since last request: 4.308478 seconds.
  path: Assets/Scripts/Enemy.cs
  artifactKey: Guid(65b4670a59800d749800815d9ca30793) Importer(815301076,1909f56bfc062723c751e8b465ee728b)
Start importing Assets/Scripts/Enemy.cs using Guid(65b4670a59800d749800815d9ca30793) Importer(815301076,1909f56bfc062723c751e8b465ee728b)  -> (artifact id: 'adba988a97ce5b5ffc195c26b792b1ee') in 0.005465 seconds 
========================================================================
Received Prepare
Registering precompiled user dll's ...
Registered in 0.002600 seconds.
Begin MonoManager ReloadAssembly
Native extension for Lumin target not found
Native extension for LinuxStandalone target not found
Native extension for WindowsStandalone target not found
Native extension for OSXStandalone target not found
Native extension for WebGL target not found
Refreshing native plugins compatible for Editor in 0.66 ms, found 2 plugins.
Preloading 0 native plugins for Editor in 0.00 ms.
Mono: successfully reloaded assembly
- Completed reload, in  0.763 seconds
Platform modules already initialized, skipping
Refreshing native plugins compatible for Editor in 0.72 ms, found 2 plugins.
Preloading 0 native plugins for Editor in 0.00 ms.
Unloading 3371 Unused Serialized files (Serialized files now loaded: 0)
System memory in use before: 128.2 MB.
System memory in use after: 128.3 MB.

Unloading 17 unused Assets to reduce memory usage. Loaded Objects now: 3852.
Total: 2.369000 ms (FindLiveObjects: 0.281500 ms CreateObjectMapping: 0.085200 ms MarkObjects: 1.907300 ms  DeleteObjects: 0.094100 ms)

========================================================================
Received Prepare
Registering precompiled user dll's ...
Registered in 0.001918 seconds.
Begin MonoManager ReloadAssembly
Native extension for Lumin target not found
Native extension for LinuxStandalone target not found
Native extension for WindowsStandalone target not found
Native extension for OSXStandalone target not found
Native extension for WebGL target not found
Refreshing native plugins compatible for Editor in 0.77 ms, found 2 plugins.
Preloading 0 native plugins for Editor in 0.00 ms.
Mono: successfully reloaded assembly
- Completed reload, in  0.794 seconds
Platform modules already initialized, skipping
Refreshing native plugins compatible for Editor in 0.63 ms, found 2 plugins.
Preloading 0 native plugins for Editor in 0.00 ms.
Unloading 3371 Unused Serialized files (Serialized files now loaded: 0)
System memory in use before: 128.2 MB.
System memory in use after: 128.3 MB.

Unloading 17 unused Assets to reduce memory usage. Loaded Objects now: 3856.
Total: 2.313800 ms (FindLiveObjects: 0.266300 ms CreateObjectMapping: 0.095800 ms MarkObjects: 1.857300 ms  DeleteObjects: 0.093600 ms)

========================================================================
Received Import Request.
  Time since last request: 112.181251 seconds.
  path: Assets/Scripts/Racoon.cs
  artifactKey: Guid(668d1e2a99310124aaa4657ff7135c38) Importer(815301076,1909f56bfc062723c751e8b465ee728b)
Start importing Assets/Scripts/Racoon.cs using Guid(668d1e2a99310124aaa4657ff7135c38) Importer(815301076,1909f56bfc062723c751e8b465ee728b)  -> (artifact id: '9202b07ed9082e314372a2af9d9cd961') in 0.010640 seconds 
========================================================================
Received Prepare
Registering precompiled user dll's ...
Registered in 0.001998 seconds.
Begin MonoManager ReloadAssembly
Native extension for Lumin target not found
Native extension for LinuxStandalone target not found
Native extension for WindowsStandalone target not found
Native extension for OSXStandalone target not found
Native extension for WebGL target not found
Refreshing native plugins compatible for Editor in 0.66 ms, found 2 plugins.
Preloading 0 native plugins for Editor in 0.00 ms.
Mono: successfully reloaded assembly
- Completed reload, in  0.813 seconds
Platform modules already initialized, skipping
Refreshing native plugins compatible for Editor in 0.69 ms, found 2 plugins.
Preloading 0 native plugins for Editor in 0.00 ms.
Unloading 3372 Unused Serialized files (Serialized files now loaded: 0)
System memory in use before: 128.2 MB.
System memory in use after: 128.3 MB.

Unloading 17 unused Assets to reduce memory usage. Loaded Objects now: 3861.
Total: 2.281700 ms (FindLiveObjects: 0.261400 ms CreateObjectMapping: 0.098500 ms MarkObjects: 1.831000 ms  DeleteObjects: 0.090000 ms)

========================================================================
Received Import Request.
  Time since last request: 127.364278 seconds.
  path: Assets/Scripts/Racoon.cs
  artifactKey: Guid(668d1e2a99310124aaa4657ff7135c38) Importer(815301076,1909f56bfc062723c751e8b465ee728b)
Start importing Assets/Scripts/Racoon.cs using Guid(668d1e2a99310124aaa4657ff7135c38) Importer(815301076,1909f56bfc062723c751e8b465ee728b)  -> (artifact id: '05ba3e8a246ba1903f5ee9a9bfecf6c0') in 0.009210 seconds 
========================================================================
Received Prepare
Registering precompiled user dll's ...
Registered in 0.001964 seconds.
Begin MonoManager ReloadAssembly
Native extension for Lumin target not found
Native extension for LinuxStandalone target not found
Native extension for WindowsStandalone target not found
Native extension for OSXStandalone target not found
Native extension for WebGL target not found
Refreshing native plugins compatible for Editor in 0.63 ms, found 2 plugins.
Preloading 0 native plugins for Editor in 0.00 ms.
Mono: successfully reloaded assembly
- Completed reload, in  0.803 seconds
Platform modules already initialized, skipping
Refreshing native plugins compatible for Editor in 0.75 ms, found 2 plugins.
Preloading 0 native plugins for Editor in 0.00 ms.
Unloading 3372 Unused Serialized files (Serialized files now loaded: 0)
System memory in use before: 128.2 MB.
System memory in use after: 128.3 MB.

Unloading 17 unused Assets to reduce memory usage. Loaded Objects now: 3865.
Total: 2.948900 ms (FindLiveObjects: 0.406000 ms CreateObjectMapping: 0.112600 ms MarkObjects: 2.312300 ms  DeleteObjects: 0.116700 ms)

========================================================================
Received Prepare
Registering precompiled user dll's ...
Registered in 0.001962 seconds.
Begin MonoManager ReloadAssembly
Native extension for Lumin target not found
Native extension for LinuxStandalone target not found
Native extension for WindowsStandalone target not found
Native extension for OSXStandalone target not found
Native extension for WebGL target not found
Refreshing native plugins compatible for Editor in 0.62 ms, found 2 plugins.
Preloading 0 native plugins for Editor in 0.00 ms.
Mono: successfully reloaded assembly
- Completed reload, in  0.849 seconds
Platform modules already initialized, skipping
Refreshing native plugins compatible for Editor in 0.68 ms, found 2 plugins.
Preloading 0 native plugins for Editor in 0.00 ms.
Unloading 3372 Unused Serialized files (Serialized files now loaded: 0)
System memory in use before: 128.2 MB.
System memory in use after: 128.3 MB.

Unloading 17 unused Assets to reduce memory usage. Loaded Objects now: 3869.
Total: 2.717600 ms (FindLiveObjects: 0.383300 ms CreateObjectMapping: 0.099200 ms MarkObjects: 2.113300 ms  DeleteObjects: 0.120700 ms)

========================================================================
Received Prepare
Registering precompiled user dll's ...
Registered in 0.002440 seconds.
Begin MonoManager ReloadAssembly
Native extension for Lumin target not found
Native extension for LinuxStandalone target not found
Native extension for WindowsStandalone target not found
Native extension for OSXStandalone target not found
Native extension for WebGL target not found
Refreshing native plugins compatible for Editor in 0.58 ms, found 2 plugins.
Preloading 0 native plugins for Editor in 0.00 ms.
Mono: successfully reloaded assembly
- Completed reload, in  0.845 seconds
Platform modules already initialized, skipping
Refreshing native plugins compatible for Editor in 0.64 ms, found 2 plugins.
Preloading 0 native plugins for Editor in 0.00 ms.
Unloading 3372 Unused Serialized files (Serialized files now loaded: 0)
System memory in use before: 128.2 MB.
System memory in use after: 128.3 MB.

Unloading 17 unused Assets to reduce memory usage. Loaded Objects now: 3873.
Total: 2.637900 ms (FindLiveObjects: 0.330400 ms CreateObjectMapping: 0.091100 ms MarkObjects: 2.109700 ms  DeleteObjects: 0.105800 ms)

========================================================================
Received Prepare
Registering precompiled user dll's ...
Registered in 0.002053 seconds.
Begin MonoManager ReloadAssembly
Native extension for Lumin target not found
Native extension for LinuxStandalone target not found
Native extension for WindowsStandalone target not found
Native extension for OSXStandalone target not found
Native extension for WebGL target not found
Refreshing native plugins compatible for Editor in 0.57 ms, found 2 plugins.
Preloading 0 native plugins for Editor in 0.00 ms.
Mono: successfully reloaded assembly
- Completed reload, in  0.759 seconds
Platform modules already initialized, skipping
Refreshing native plugins compatible for Editor in 0.57 ms, found 2 plugins.
Preloading 0 native plugins for Editor in 0.00 ms.
Unloading 3372 Unused Serialized files (Serialized files now loaded: 0)
System memory in use before: 128.2 MB.
System memory in use after: 128.3 MB.

Unloading 17 unused Assets to reduce memory usage. Loaded Objects now: 3877.
Total: 2.244800 ms (FindLiveObjects: 0.249100 ms CreateObjectMapping: 0.081200 ms MarkObjects: 1.810900 ms  DeleteObjects: 0.102900 ms)

========================================================================
Received Import Request.
  Time since last request: 143.501355 seconds.
  path: Assets/Scripts/Racoon.cs
  artifactKey: Guid(668d1e2a99310124aaa4657ff7135c38) Importer(815301076,1909f56bfc062723c751e8b465ee728b)
Start importing Assets/Scripts/Racoon.cs using Guid(668d1e2a99310124aaa4657ff7135c38) Importer(815301076,1909f56bfc062723c751e8b465ee728b)  -> (artifact id: '3b618112a8d2a4789b19c743d78aa42a') in 0.010030 seconds 
========================================================================
Received Import Request.
  Time since last request: 9.171426 seconds.
  path: Assets/Scripts/Racoon1.cs
  artifactKey: Guid(04f068696df11d545807e2b247d580c7) Importer(815301076,1909f56bfc062723c751e8b465ee728b)
Start importing Assets/Scripts/Racoon1.cs using Guid(04f068696df11d545807e2b247d580c7) Importer(815301076,1909f56bfc062723c751e8b465ee728b)  -> (artifact id: '85dce4e082612871230a9a8104620931') in 0.006592 seconds 
========================================================================
Received Import Request.
  Time since last request: 19.723894 seconds.
  path: Assets/Scripts/Walrus.cs
  artifactKey: Guid(04f068696df11d545807e2b247d580c7) Importer(815301076,1909f56bfc062723c751e8b465ee728b)
Start importing Assets/Scripts/Walrus.cs using Guid(04f068696df11d545807e2b247d580c7) Importer(815301076,1909f56bfc062723c751e8b465ee728b)  -> (artifact id: '008d9774af0cd9f9a0ff7eafa8f51f8b') in 0.006608 seconds 
========================================================================
Received Import Request.
  Time since last request: 13.691326 seconds.
  path: Assets/Scripts/Walrus.cs
  artifactKey: Guid(04f068696df11d545807e2b247d580c7) Importer(815301076,1909f56bfc062723c751e8b465ee728b)
Start importing Assets/Scripts/Walrus.cs using Guid(04f068696df11d545807e2b247d580c7) Importer(815301076,1909f56bfc062723c751e8b465ee728b)  -> (artifact id: '79019ce45c87c9efd582e615030c008d') in 0.001603 seconds 
========================================================================
Received Prepare
Registering precompiled user dll's ...
Registered in 0.002254 seconds.
Begin MonoManager ReloadAssembly
Native extension for Lumin target not found
Native extension for LinuxStandalone target not found
Native extension for WindowsStandalone target not found
Native extension for OSXStandalone target not found
Native extension for WebGL target not found
Refreshing native plugins compatible for Editor in 0.58 ms, found 2 plugins.
Preloading 0 native plugins for Editor in 0.00 ms.
Mono: successfully reloaded assembly
- Completed reload, in  0.767 seconds
Platform modules already initialized, skipping
Refreshing native plugins compatible for Editor in 0.58 ms, found 2 plugins.
Preloading 0 native plugins for Editor in 0.00 ms.
Unloading 3373 Unused Serialized files (Serialized files now loaded: 0)
System memory in use before: 128.3 MB.
System memory in use after: 128.4 MB.

Unloading 17 unused Assets to reduce memory usage. Loaded Objects now: 3882.
Total: 2.248700 ms (FindLiveObjects: 0.259700 ms CreateObjectMapping: 0.082300 ms MarkObjects: 1.808100 ms  DeleteObjects: 0.098000 ms)

========================================================================
Received Import Request.
  Time since last request: 20.800556 seconds.
  path: Assets/Scripts/Walrus.cs
  artifactKey: Guid(04f068696df11d545807e2b247d580c7) Importer(815301076,1909f56bfc062723c751e8b465ee728b)
Start importing Assets/Scripts/Walrus.cs using Guid(04f068696df11d545807e2b247d580c7) Importer(815301076,1909f56bfc062723c751e8b465ee728b)  -> (artifact id: '0e977f3c4fd82a663eb650c8c2f420c6') in 0.005751 seconds 
========================================================================
Received Prepare
Registering precompiled user dll's ...
Registered in 0.001982 seconds.
Begin MonoManager ReloadAssembly
Native extension for Lumin target not found
Native extension for LinuxStandalone target not found
Native extension for WindowsStandalone target not found
Native extension for OSXStandalone target not found
Native extension for WebGL target not found
Refreshing native plugins compatible for Editor in 0.73 ms, found 2 plugins.
Preloading 0 native plugins for Editor in 0.00 ms.
Mono: successfully reloaded assembly
- Completed reload, in  0.796 seconds
Platform modules already initialized, skipping
Refreshing native plugins compatible for Editor in 0.69 ms, found 2 plugins.
Preloading 0 native plugins for Editor in 0.00 ms.
Unloading 3373 Unused Serialized files (Serialized files now loaded: 0)
System memory in use before: 128.3 MB.
System memory in use after: 128.4 MB.

Unloading 17 unused Assets to reduce memory usage. Loaded Objects now: 3886.
Total: 2.361700 ms (FindLiveObjects: 0.279700 ms CreateObjectMapping: 0.083000 ms MarkObjects: 1.887700 ms  DeleteObjects: 0.110200 ms)

========================================================================
Received Import Request.
  Time since last request: 4.951087 seconds.
  path: Assets/Scripts/Walrus.cs
  artifactKey: Guid(04f068696df11d545807e2b247d580c7) Importer(815301076,1909f56bfc062723c751e8b465ee728b)
Start importing Assets/Scripts/Walrus.cs using Guid(04f068696df11d545807e2b247d580c7) Importer(815301076,1909f56bfc062723c751e8b465ee728b)  -> (artifact id: '59fdc6965fe222c44c93f1d6e33367f4') in 0.005230 seconds 
========================================================================
Received Prepare
Registering precompiled user dll's ...
Registered in 0.002372 seconds.
Begin MonoManager ReloadAssembly
Native extension for Lumin target not found
Native extension for LinuxStandalone target not found
Native extension for WindowsStandalone target not found
Native extension for OSXStandalone target not found
Native extension for WebGL target not found
Refreshing native plugins compatible for Editor in 0.56 ms, found 2 plugins.
Preloading 0 native plugins for Editor in 0.00 ms.
Mono: successfully reloaded assembly
- Completed reload, in  0.763 seconds
Platform modules already initialized, skipping
Refreshing native plugins compatible for Editor in 0.63 ms, found 2 plugins.
Preloading 0 native plugins for Editor in 0.00 ms.
Unloading 3373 Unused Serialized files (Serialized files now loaded: 0)
System memory in use before: 128.3 MB.
System memory in use after: 128.4 MB.

Unloading 17 unused Assets to reduce memory usage. Loaded Objects now: 3890.
Total: 2.671300 ms (FindLiveObjects: 0.340500 ms CreateObjectMapping: 0.094600 ms MarkObjects: 2.123100 ms  DeleteObjects: 0.111600 ms)

========================================================================
Received Prepare
Registering precompiled user dll's ...
Registered in 0.002299 seconds.
Begin MonoManager ReloadAssembly
Native extension for Lumin target not found
Native extension for LinuxStandalone target not found
Native extension for WindowsStandalone target not found
Native extension for OSXStandalone target not found
Native extension for WebGL target not found
Refreshing native plugins compatible for Editor in 0.60 ms, found 2 plugins.
Preloading 0 native plugins for Editor in 0.00 ms.
Mono: successfully reloaded assembly
- Completed reload, in  0.840 seconds
Platform modules already initialized, skipping
Refreshing native plugins compatible for Editor in 0.60 ms, found 2 plugins.
Preloading 0 native plugins for Editor in 0.00 ms.
Unloading 3373 Unused Serialized files (Serialized files now loaded: 0)
System memory in use before: 128.3 MB.
System memory in use after: 128.4 MB.

Unloading 17 unused Assets to reduce memory usage. Loaded Objects now: 3894.
Total: 2.408100 ms (FindLiveObjects: 0.316900 ms CreateObjectMapping: 0.084100 ms MarkObjects: 1.914900 ms  DeleteObjects: 0.090400 ms)

========================================================================
Received Import Request.
  Time since last request: 486.477965 seconds.
  path: Assets/Scripts/Player.cs
  artifactKey: Guid(ba1e291c7158306448048d7e457b9c49) Importer(815301076,1909f56bfc062723c751e8b465ee728b)
Start importing Assets/Scripts/Player.cs using Guid(ba1e291c7158306448048d7e457b9c49) Importer(815301076,1909f56bfc062723c751e8b465ee728b)  -> (artifact id: 'b277bbbd1be38014015bf01e66563463') in 0.010754 seconds 
========================================================================
Received Prepare
Registering precompiled user dll's ...
Registered in 0.002052 seconds.
Begin MonoManager ReloadAssembly
Native extension for Lumin target not found
Native extension for LinuxStandalone target not found
Native extension for WindowsStandalone target not found
Native extension for OSXStandalone target not found
Native extension for WebGL target not found
Refreshing native plugins compatible for Editor in 0.83 ms, found 2 plugins.
Preloading 0 native plugins for Editor in 0.00 ms.
Mono: successfully reloaded assembly
- Completed reload, in  0.777 seconds
Platform modules already initialized, skipping
Refreshing native plugins compatible for Editor in 0.67 ms, found 2 plugins.
Preloading 0 native plugins for Editor in 0.00 ms.
Unloading 3374 Unused Serialized files (Serialized files now loaded: 0)
System memory in use before: 128.3 MB.
System memory in use after: 128.4 MB.

Unloading 17 unused Assets to reduce memory usage. Loaded Objects now: 3899.
Total: 2.161900 ms (FindLiveObjects: 0.295100 ms CreateObjectMapping: 0.082700 ms MarkObjects: 1.699700 ms  DeleteObjects: 0.083600 ms)

========================================================================
Received Import Request.
  Time since last request: 118.866566 seconds.
  path: Assets/Scripts/Player.cs
  artifactKey: Guid(ba1e291c7158306448048d7e457b9c49) Importer(815301076,1909f56bfc062723c751e8b465ee728b)
Start importing Assets/Scripts/Player.cs using Guid(ba1e291c7158306448048d7e457b9c49) Importer(815301076,1909f56bfc062723c751e8b465ee728b)  -> (artifact id: '42512d2d931d6ffee83b4e705b204586') in 0.010481 seconds 
========================================================================
Received Prepare
Registering precompiled user dll's ...
Registered in 0.002023 seconds.
Begin MonoManager ReloadAssembly
Native extension for Lumin target not found
Native extension for LinuxStandalone target not found
Native extension for WindowsStandalone target not found
Native extension for OSXStandalone target not found
Native extension for WebGL target not found
Refreshing native plugins compatible for Editor in 0.58 ms, found 2 plugins.
Preloading 0 native plugins for Editor in 0.00 ms.
Mono: successfully reloaded assembly
- Completed reload, in  0.770 seconds
Platform modules already initialized, skipping
Refreshing native plugins compatible for Editor in 0.59 ms, found 2 plugins.
Preloading 0 native plugins for Editor in 0.00 ms.
Unloading 3374 Unused Serialized files (Serialized files now loaded: 0)
System memory in use before: 128.3 MB.
System memory in use after: 128.4 MB.

Unloading 17 unused Assets to reduce memory usage. Loaded Objects now: 3903.
Total: 2.464800 ms (FindLiveObjects: 0.333900 ms CreateObjectMapping: 0.243400 ms MarkObjects: 1.787900 ms  DeleteObjects: 0.098000 ms)

========================================================================
Received Import Request.
  Time since last request: 10.172715 seconds.
  path: Assets/Scripts/Player.cs
  artifactKey: Guid(ba1e291c7158306448048d7e457b9c49) Importer(815301076,1909f56bfc062723c751e8b465ee728b)
Start importing Assets/Scripts/Player.cs using Guid(ba1e291c7158306448048d7e457b9c49) Importer(815301076,1909f56bfc062723c751e8b465ee728b)  -> (artifact id: 'e742fb5a1f7856b3a9eb4202ab71be39') in 0.005450 seconds 
========================================================================
Received Prepare
Registering precompiled user dll's ...
Registered in 0.001953 seconds.
Begin MonoManager ReloadAssembly
Native extension for Lumin target not found
Native extension for LinuxStandalone target not found
Native extension for WindowsStandalone target not found
Native extension for OSXStandalone target not found
Native extension for WebGL target not found
Refreshing native plugins compatible for Editor in 0.73 ms, found 2 plugins.
Preloading 0 native plugins for Editor in 0.00 ms.
Mono: successfully reloaded assembly
- Completed reload, in  0.766 seconds
Platform modules already initialized, skipping
Refreshing native plugins compatible for Editor in 0.64 ms, found 2 plugins.
Preloading 0 native plugins for Editor in 0.00 ms.
Unloading 3374 Unused Serialized files (Serialized files now loaded: 0)
System memory in use before: 128.3 MB.
System memory in use after: 128.4 MB.

Unloading 17 unused Assets to reduce memory usage. Loaded Objects now: 3907.
Total: 2.644300 ms (FindLiveObjects: 0.260900 ms CreateObjectMapping: 0.097500 ms MarkObjects: 2.189700 ms  DeleteObjects: 0.095100 ms)

========================================================================
Received Import Request.
  Time since last request: 128.349196 seconds.
  path: Assets/Scripts/Player.cs
  artifactKey: Guid(ba1e291c7158306448048d7e457b9c49) Importer(815301076,1909f56bfc062723c751e8b465ee728b)
Start importing Assets/Scripts/Player.cs using Guid(ba1e291c7158306448048d7e457b9c49) Importer(815301076,1909f56bfc062723c751e8b465ee728b)  -> (artifact id: 'd2e007fc2680ef9a16c2ee9fbb260244') in 0.005282 seconds 
========================================================================
Received Prepare
Registering precompiled user dll's ...
Registered in 0.001933 seconds.
Begin MonoManager ReloadAssembly
Native extension for Lumin target not found
Native extension for LinuxStandalone target not found
Native extension for WindowsStandalone target not found
Native extension for OSXStandalone target not found
Native extension for WebGL target not found
Refreshing native plugins compatible for Editor in 0.57 ms, found 2 plugins.
Preloading 0 native plugins for Editor in 0.00 ms.
Mono: successfully reloaded assembly
- Completed reload, in  0.774 seconds
Platform modules already initialized, skipping
Refreshing native plugins compatible for Editor in 0.57 ms, found 2 plugins.
Preloading 0 native plugins for Editor in 0.00 ms.
Unloading 3374 Unused Serialized files (Serialized files now loaded: 0)
System memory in use before: 128.3 MB.
System memory in use after: 128.4 MB.

Unloading 17 unused Assets to reduce memory usage. Loaded Objects now: 3911.
Total: 2.277600 ms (FindLiveObjects: 0.288100 ms CreateObjectMapping: 0.081400 ms MarkObjects: 1.818400 ms  DeleteObjects: 0.088600 ms)

========================================================================
Received Import Request.
  Time since last request: 293.160041 seconds.
  path: Assets/Scripts/ItemDatabase.cs
  artifactKey: Guid(74f957082f9a5ce4e84d659665e8cb1f) Importer(815301076,1909f56bfc062723c751e8b465ee728b)
Start importing Assets/Scripts/ItemDatabase.cs using Guid(74f957082f9a5ce4e84d659665e8cb1f) Importer(815301076,1909f56bfc062723c751e8b465ee728b)  -> (artifact id: '5b65398392ee715d554e7f413c39d516') in 0.010480 seconds 
========================================================================
Received Prepare
Registering precompiled user dll's ...
Registered in 0.002113 seconds.
Begin MonoManager ReloadAssembly
Native extension for Lumin target not found
Native extension for LinuxStandalone target not found
Native extension for WindowsStandalone target not found
Native extension for OSXStandalone target not found
Native extension for WebGL target not found
Refreshing native plugins compatible for Editor in 0.64 ms, found 2 plugins.
Preloading 0 native plugins for Editor in 0.00 ms.
Mono: successfully reloaded assembly
- Completed reload, in  0.814 seconds
Platform modules already initialized, skipping
Refreshing native plugins compatible for Editor in 0.58 ms, found 2 plugins.
Preloading 0 native plugins for Editor in 0.00 ms.
Unloading 3375 Unused Serialized files (Serialized files now loaded: 0)
System memory in use before: 128.4 MB.
System memory in use after: 128.5 MB.

Unloading 17 unused Assets to reduce memory usage. Loaded Objects now: 3916.
Total: 2.628700 ms (FindLiveObjects: 0.279500 ms CreateObjectMapping: 0.083300 ms MarkObjects: 2.143500 ms  DeleteObjects: 0.120900 ms)

========================================================================
Received Import Request.
  Time since last request: 279.517624 seconds.
  path: Assets/Scripts/ItemDatabase.cs
  artifactKey: Guid(74f957082f9a5ce4e84d659665e8cb1f) Importer(815301076,1909f56bfc062723c751e8b465ee728b)
Start importing Assets/Scripts/ItemDatabase.cs using Guid(74f957082f9a5ce4e84d659665e8cb1f) Importer(815301076,1909f56bfc062723c751e8b465ee728b)  -> (artifact id: '82ccbaf997bc983cfb5060d8ec785e6e') in 0.012628 seconds 
========================================================================
Received Prepare
Registering precompiled user dll's ...
Registered in 0.001961 seconds.
Begin MonoManager ReloadAssembly
Native extension for Lumin target not found
Native extension for LinuxStandalone target not found
Native extension for WindowsStandalone target not found
Native extension for OSXStandalone target not found
Native extension for WebGL target not found
Refreshing native plugins compatible for Editor in 0.76 ms, found 2 plugins.
Preloading 0 native plugins for Editor in 0.00 ms.
Mono: successfully reloaded assembly
- Completed reload, in  0.820 seconds
Platform modules already initialized, skipping
Refreshing native plugins compatible for Editor in 0.58 ms, found 2 plugins.
Preloading 0 native plugins for Editor in 0.00 ms.
Unloading 3375 Unused Serialized files (Serialized files now loaded: 0)
System memory in use before: 128.4 MB.
System memory in use after: 128.5 MB.

Unloading 17 unused Assets to reduce memory usage. Loaded Objects now: 3920.
Total: 2.349900 ms (FindLiveObjects: 0.286600 ms CreateObjectMapping: 0.098200 ms MarkObjects: 1.869400 ms  DeleteObjects: 0.094600 ms)

========================================================================
Received Import Request.
  Time since last request: 26.792336 seconds.
  path: Assets/Scripts/ItemDatabase.cs
  artifactKey: Guid(74f957082f9a5ce4e84d659665e8cb1f) Importer(815301076,1909f56bfc062723c751e8b465ee728b)
Start importing Assets/Scripts/ItemDatabase.cs using Guid(74f957082f9a5ce4e84d659665e8cb1f) Importer(815301076,1909f56bfc062723c751e8b465ee728b)  -> (artifact id: '6d36b11f9cbf03269eacc3efcdc91791') in 0.004999 seconds 
========================================================================
Received Prepare
Registering precompiled user dll's ...
Registered in 0.002026 seconds.
Begin MonoManager ReloadAssembly
Native extension for Lumin target not found
Native extension for LinuxStandalone target not found
Native extension for WindowsStandalone target not found
Native extension for OSXStandalone target not found
Native extension for WebGL target not found
Refreshing native plugins compatible for Editor in 0.63 ms, found 2 plugins.
Preloading 0 native plugins for Editor in 0.00 ms.
Mono: successfully reloaded assembly
- Completed reload, in  0.761 seconds
Platform modules already initialized, skipping
Refreshing native plugins compatible for Editor in 0.67 ms, found 2 plugins.
Preloading 0 native plugins for Editor in 0.00 ms.
Unloading 3375 Unused Serialized files (Serialized files now loaded: 0)
System memory in use before: 128.4 MB.
System memory in use after: 128.5 MB.

Unloading 17 unused Assets to reduce memory usage. Loaded Objects now: 3924.
Total: 2.356500 ms (FindLiveObjects: 0.280900 ms CreateObjectMapping: 0.083600 ms MarkObjects: 1.894300 ms  DeleteObjects: 0.096700 ms)

========================================================================
Received Import Request.
  Time since last request: 229.475738 seconds.
  path: Assets/Scripts/ItemDatabase.cs
  artifactKey: Guid(74f957082f9a5ce4e84d659665e8cb1f) Importer(815301076,1909f56bfc062723c751e8b465ee728b)
Start importing Assets/Scripts/ItemDatabase.cs using Guid(74f957082f9a5ce4e84d659665e8cb1f) Importer(815301076,1909f56bfc062723c751e8b465ee728b)  -> (artifact id: '1c979d4ac44a06ad7d9cc3c3f6f90431') in 0.006025 seconds 
========================================================================
Received Prepare
Registering precompiled user dll's ...
Registered in 0.002334 seconds.
Begin MonoManager ReloadAssembly
Native extension for Lumin target not found
Native extension for LinuxStandalone target not found
Native extension for WindowsStandalone target not found
Native extension for OSXStandalone target not found
Native extension for WebGL target not found
Refreshing native plugins compatible for Editor in 0.65 ms, found 2 plugins.
Preloading 0 native plugins for Editor in 0.00 ms.
Mono: successfully reloaded assembly
- Completed reload, in  0.779 seconds
Platform modules already initialized, skipping
Refreshing native plugins compatible for Editor in 0.56 ms, found 2 plugins.
Preloading 0 native plugins for Editor in 0.00 ms.
Unloading 3375 Unused Serialized files (Serialized files now loaded: 0)
System memory in use before: 128.4 MB.
System memory in use after: 128.5 MB.

Unloading 17 unused Assets to reduce memory usage. Loaded Objects now: 3928.
Total: 2.238700 ms (FindLiveObjects: 0.260300 ms CreateObjectMapping: 0.081500 ms MarkObjects: 1.801700 ms  DeleteObjects: 0.094400 ms)

========================================================================
Received Prepare
Registering precompiled user dll's ...
Registered in 0.001954 seconds.
Begin MonoManager ReloadAssembly
Native extension for Lumin target not found
Native extension for LinuxStandalone target not found
Native extension for WindowsStandalone target not found
Native extension for OSXStandalone target not found
Native extension for WebGL target not found
Refreshing native plugins compatible for Editor in 0.61 ms, found 2 plugins.
Preloading 0 native plugins for Editor in 0.00 ms.
Mono: successfully reloaded assembly
- Completed reload, in  0.784 seconds
Platform modules already initialized, skipping
Refreshing native plugins compatible for Editor in 0.62 ms, found 2 plugins.
Preloading 0 native plugins for Editor in 0.00 ms.
Unloading 3375 Unused Serialized files (Serialized files now loaded: 0)
System memory in use before: 128.4 MB.
System memory in use after: 128.5 MB.

Unloading 17 unused Assets to reduce memory usage. Loaded Objects now: 3932.
Total: 2.537400 ms (FindLiveObjects: 0.413400 ms CreateObjectMapping: 0.077500 ms MarkObjects: 1.943200 ms  DeleteObjects: 0.102200 ms)

========================================================================
Received Prepare
Registering precompiled user dll's ...
Registered in 0.002742 seconds.
Begin MonoManager ReloadAssembly
Native extension for Lumin target not found
Native extension for LinuxStandalone target not found
Native extension for WindowsStandalone target not found
Native extension for OSXStandalone target not found
Native extension for WebGL target not found
Refreshing native plugins compatible for Editor in 0.58 ms, found 2 plugins.
Preloading 0 native plugins for Editor in 0.00 ms.
Mono: successfully reloaded assembly
- Completed reload, in  0.758 seconds
Platform modules already initialized, skipping
Refreshing native plugins compatible for Editor in 0.69 ms, found 2 plugins.
Preloading 0 native plugins for Editor in 0.00 ms.
Unloading 3375 Unused Serialized files (Serialized files now loaded: 0)
System memory in use before: 128.4 MB.
System memory in use after: 128.5 MB.

Unloading 17 unused Assets to reduce memory usage. Loaded Objects now: 3936.
Total: 2.373300 ms (FindLiveObjects: 0.300700 ms CreateObjectMapping: 0.085300 ms MarkObjects: 1.888100 ms  DeleteObjects: 0.097700 ms)

========================================================================
Received Import Request.
  Time since last request: 156.340181 seconds.
  path: Assets/Scripts/EnemyDatabase.cs
  artifactKey: Guid(8a33b1a65e284b744b2d1d6557673b9a) Importer(815301076,1909f56bfc062723c751e8b465ee728b)
Start importing Assets/Scripts/EnemyDatabase.cs using Guid(8a33b1a65e284b744b2d1d6557673b9a) Importer(815301076,1909f56bfc062723c751e8b465ee728b)  -> (artifact id: 'acbb228bf4a5589596e40bd0bb630a4b') in 0.009470 seconds 
========================================================================
Received Prepare
Registering precompiled user dll's ...
Registered in 0.001964 seconds.
Begin MonoManager ReloadAssembly
Native extension for Lumin target not found
Native extension for LinuxStandalone target not found
Native extension for WindowsStandalone target not found
Native extension for OSXStandalone target not found
Native extension for WebGL target not found
Refreshing native plugins compatible for Editor in 0.58 ms, found 2 plugins.
Preloading 0 native plugins for Editor in 0.00 ms.
Mono: successfully reloaded assembly
- Completed reload, in  0.801 seconds
Platform modules already initialized, skipping
Refreshing native plugins compatible for Editor in 0.57 ms, found 2 plugins.
Preloading 0 native plugins for Editor in 0.00 ms.
Unloading 3376 Unused Serialized files (Serialized files now loaded: 0)
System memory in use before: 128.5 MB.
System memory in use after: 128.6 MB.

Unloading 17 unused Assets to reduce memory usage. Loaded Objects now: 3941.
Total: 2.123700 ms (FindLiveObjects: 0.302900 ms CreateObjectMapping: 0.084900 ms MarkObjects: 1.651500 ms  DeleteObjects: 0.083700 ms)

========================================================================
Received Prepare
Registering precompiled user dll's ...
Registered in 0.002017 seconds.
Begin MonoManager ReloadAssembly
Native extension for Lumin target not found
Native extension for LinuxStandalone target not found
Native extension for WindowsStandalone target not found
Native extension for OSXStandalone target not found
Native extension for WebGL target not found
Refreshing native plugins compatible for Editor in 0.66 ms, found 2 plugins.
Preloading 0 native plugins for Editor in 0.00 ms.
Mono: successfully reloaded assembly
- Completed reload, in  0.851 seconds
Platform modules already initialized, skipping
Refreshing native plugins compatible for Editor in 0.75 ms, found 2 plugins.
Preloading 0 native plugins for Editor in 0.00 ms.
Unloading 3376 Unused Serialized files (Serialized files now loaded: 0)
System memory in use before: 128.5 MB.
System memory in use after: 128.6 MB.

Unloading 17 unused Assets to reduce memory usage. Loaded Objects now: 3945.
Total: 2.435300 ms (FindLiveObjects: 0.262100 ms CreateObjectMapping: 0.082400 ms MarkObjects: 1.984300 ms  DeleteObjects: 0.105400 ms)

========================================================================
Received Prepare
Registering precompiled user dll's ...
Registered in 0.003246 seconds.
Begin MonoManager ReloadAssembly
Native extension for Lumin target not found
Native extension for LinuxStandalone target not found
Native extension for WindowsStandalone target not found
Native extension for OSXStandalone target not found
Native extension for WebGL target not found
Refreshing native plugins compatible for Editor in 0.61 ms, found 2 plugins.
Preloading 0 native plugins for Editor in 0.00 ms.
Mono: successfully reloaded assembly
- Completed reload, in  0.836 seconds
Platform modules already initialized, skipping
Refreshing native plugins compatible for Editor in 1.00 ms, found 2 plugins.
Preloading 0 native plugins for Editor in 0.00 ms.
Unloading 3376 Unused Serialized files (Serialized files now loaded: 0)
System memory in use before: 128.5 MB.
System memory in use after: 128.6 MB.

Unloading 17 unused Assets to reduce memory usage. Loaded Objects now: 3949.
Total: 2.568800 ms (FindLiveObjects: 0.383600 ms CreateObjectMapping: 0.083900 ms MarkObjects: 1.998300 ms  DeleteObjects: 0.102000 ms)

========================================================================
Received Prepare
Registering precompiled user dll's ...
Registered in 0.002028 seconds.
Begin MonoManager ReloadAssembly
Native extension for Lumin target not found
Native extension for LinuxStandalone target not found
Native extension for WindowsStandalone target not found
Native extension for OSXStandalone target not found
Native extension for WebGL target not found
Refreshing native plugins compatible for Editor in 0.63 ms, found 2 plugins.
Preloading 0 native plugins for Editor in 0.00 ms.
Mono: successfully reloaded assembly
- Completed reload, in  0.821 seconds
Platform modules already initialized, skipping
Refreshing native plugins compatible for Editor in 0.80 ms, found 2 plugins.
Preloading 0 native plugins for Editor in 0.00 ms.
Unloading 3376 Unused Serialized files (Serialized files now loaded: 0)
System memory in use before: 128.5 MB.
System memory in use after: 128.6 MB.

Unloading 17 unused Assets to reduce memory usage. Loaded Objects now: 3953.
Total: 2.194600 ms (FindLiveObjects: 0.284800 ms CreateObjectMapping: 0.083800 ms MarkObjects: 1.727400 ms  DeleteObjects: 0.097200 ms)

========================================================================
Received Prepare
Registering precompiled user dll's ...
Registered in 0.004345 seconds.
Begin MonoManager ReloadAssembly
Native extension for Lumin target not found
Native extension for LinuxStandalone target not found
Native extension for WindowsStandalone target not found
Native extension for OSXStandalone target not found
Native extension for WebGL target not found
Refreshing native plugins compatible for Editor in 0.73 ms, found 2 plugins.
Preloading 0 native plugins for Editor in 0.00 ms.
Mono: successfully reloaded assembly
- Completed reload, in  0.842 seconds
Platform modules already initialized, skipping
Refreshing native plugins compatible for Editor in 0.74 ms, found 2 plugins.
Preloading 0 native plugins for Editor in 0.00 ms.
Unloading 3376 Unused Serialized files (Serialized files now loaded: 0)
System memory in use before: 128.5 MB.
System memory in use after: 128.6 MB.

Unloading 17 unused Assets to reduce memory usage. Loaded Objects now: 3957.
Total: 2.779900 ms (FindLiveObjects: 0.392600 ms CreateObjectMapping: 0.099000 ms MarkObjects: 2.187100 ms  DeleteObjects: 0.099800 ms)

========================================================================
Received Prepare
Registering precompiled user dll's ...
Registered in 0.003072 seconds.
Begin MonoManager ReloadAssembly
Native extension for Lumin target not found
Native extension for LinuxStandalone target not found
Native extension for WindowsStandalone target not found
Native extension for OSXStandalone target not found
Native extension for WebGL target not found
Refreshing native plugins compatible for Editor in 0.82 ms, found 2 plugins.
Preloading 0 native plugins for Editor in 0.00 ms.
Mono: successfully reloaded assembly
- Completed reload, in  0.776 seconds
Platform modules already initialized, skipping
Refreshing native plugins compatible for Editor in 0.67 ms, found 2 plugins.
Preloading 0 native plugins for Editor in 0.00 ms.
Unloading 3376 Unused Serialized files (Serialized files now loaded: 0)
System memory in use before: 128.5 MB.
System memory in use after: 128.6 MB.

Unloading 17 unused Assets to reduce memory usage. Loaded Objects now: 3961.
Total: 3.177700 ms (FindLiveObjects: 0.434400 ms CreateObjectMapping: 0.095700 ms MarkObjects: 2.535100 ms  DeleteObjects: 0.111400 ms)

AssetImportWorkerClient::OnTransportError - code=2 error=End of file
